<?xml version="1.0" encoding="UTF-8"?>
<!-- Generated by org.testng.reporters.JUnitReportReporter -->
<testsuite skipped="0" hostname="DESKTOP-B2JMPBF" name="JenkinDemoTest" tests="1" failures="0" timestamp="2022-11-01T09:16:33 IST" time="16.648" errors="0">
  <testcase name="jenkTest" time="16.648" classname="JenkinDemoTest"/>
  <system-out/>
</testsuite> <!-- JenkinDemoTest -->
